[2023-12-21 15:07:14 >> INFO    ] La base 'PAGOS 20122023.csv' del 2023-12-21 14:54:54  esta por cargarse
[2023-12-21 15:07:59 >> INFO    ] Creacion Tabla temporal
[2023-12-21 15:08:07 >> INFO    ] Insercion Tabla destino DW
[2023-12-21 15:08:07 >> INFO    ] Base 'PAGOS 20122023.csv' del 2023-12-21 14:54:54  recien cargada [ToSQL]
[2023-12-21 15:08:07 >> INFO    ] Tiempo total de ejecucion: -53.36491918563843 de 2023-12-21 14:54:54 - PAGOS 20122023.csv
[2023-12-21 15:08:08 >> INFO    ] La base '11.NOVIEMBRE.xlsx' del 2023-11-24 08:15:19  esta por cargarse
[2023-12-21 15:12:46 >> INFO    ] Creacion Tabla temporal
[2023-12-21 15:12:46 >> ERROR   ] Expected URI to be a string, got <class 'sqlalchemy.engine.base.Connection'>.
Traceback (most recent call last):
  File "/root/PROCESOS/BASESMOVISTAR/src/Controllers/controller.py", line 236, in toSqlExcel
    df.to_sql(tmp.name, connection, if_exists='append',index=False,parallel=True)
  File "/root/PROCESOS/BASESMOVISTAR/venv/lib/python3.10/site-packages/dask/dataframe/core.py", line 2020, in to_sql
    return to_sql(
  File "/root/PROCESOS/BASESMOVISTAR/venv/lib/python3.10/site-packages/dask/dataframe/io/sql.py", line 553, in to_sql
    raise ValueError(f"Expected URI to be a string, got {type(uri)}.")
ValueError: Expected URI to be a string, got <class 'sqlalchemy.engine.base.Connection'>.
[2023-12-21 15:12:46 >> ERROR   ] Expected URI to be a string, got <class 'sqlalchemy.engine.base.Connection'>.
Traceback (most recent call last):
  File "/root/PROCESOS/BASESMOVISTAR/src/Controllers/controller.py", line 236, in toSqlExcel
    df.to_sql(tmp.name, connection, if_exists='append',index=False,parallel=True)
  File "/root/PROCESOS/BASESMOVISTAR/venv/lib/python3.10/site-packages/dask/dataframe/core.py", line 2020, in to_sql
    return to_sql(
  File "/root/PROCESOS/BASESMOVISTAR/venv/lib/python3.10/site-packages/dask/dataframe/io/sql.py", line 553, in to_sql
    raise ValueError(f"Expected URI to be a string, got {type(uri)}.")
ValueError: Expected URI to be a string, got <class 'sqlalchemy.engine.base.Connection'>.
[2023-12-21 15:12:46 >> ERROR   ] Error en archivo: 2023-11-24 08:15:19 - 11.NOVIEMBRE.xlsx
Expected URI to be a string, got <class 'sqlalchemy.engine.base.Connection'>.
Traceback (most recent call last):
  File "/root/PROCESOS/BASESMOVISTAR/src/Controllers/controller.py", line 275, in check_and_add
    toSqlExcel(path,nombre_tabla,file, dic_fechas,dic_formatos,dic_hojas,separador, cargue_tabla, asignacion)
  File "/root/PROCESOS/BASESMOVISTAR/src/Controllers/controller.py", line 236, in toSqlExcel
    df.to_sql(tmp.name, connection, if_exists='append',index=False,parallel=True)
  File "/root/PROCESOS/BASESMOVISTAR/venv/lib/python3.10/site-packages/dask/dataframe/core.py", line 2020, in to_sql
    return to_sql(
  File "/root/PROCESOS/BASESMOVISTAR/venv/lib/python3.10/site-packages/dask/dataframe/io/sql.py", line 553, in to_sql
    raise ValueError(f"Expected URI to be a string, got {type(uri)}.")
ValueError: Expected URI to be a string, got <class 'sqlalchemy.engine.base.Connection'>.
[2023-12-21 15:12:47 >> INFO    ] Tiempo total de ejecucion: -279.53924465179443 de 2023-11-24 08:15:19 - 11.NOVIEMBRE.xlsx
[2023-12-21 15:14:56 >> INFO    ] La base '12.DICIEMBRE.xlsx' del 2023-12-15 15:40:38  esta por cargarse
[2023-12-21 15:20:07 >> INFO    ] Creacion Tabla temporal
[2023-12-21 15:21:51 >> INFO    ] Insercion Tabla destino DW
[2023-12-21 15:21:53 >> INFO    ] Creacion Tabla temporal
[2023-12-21 15:22:22 >> INFO    ] Insercion Tabla destino DW
[2023-12-21 15:22:26 >> INFO    ] Creacion Tabla temporal
[2023-12-21 15:25:13 >> INFO    ] Insercion Tabla destino DW
[2023-12-21 15:25:14 >> INFO    ] Creacion Tabla temporal
[2023-12-21 15:25:51 >> INFO    ] Insercion Tabla destino DW
[2023-12-21 15:25:52 >> INFO    ] Creacion Tabla temporal
[2023-12-21 15:25:56 >> INFO    ] Insercion Tabla destino DW
[2023-12-21 15:25:56 >> INFO    ] Base '12.DICIEMBRE.xlsx' del 2023-12-15 15:40:38  recien cargada [ToSQL]
[2023-12-21 15:25:56 >> INFO    ] Tiempo total de ejecucion: -660.624876499176 de 2023-12-15 15:40:38 - 12.DICIEMBRE.xlsx
[2023-12-21 15:25:56 >> INFO    ] La base '11.NOVIEMBRE.xlsx' del 2023-11-24 08:15:19  esta por cargarse
[2023-12-21 15:30:27 >> INFO    ] Creacion Tabla temporal
[2023-12-21 15:32:21 >> INFO    ] Insercion Tabla destino DW
[2023-12-21 15:32:22 >> INFO    ] Creacion Tabla temporal
[2023-12-21 15:32:52 >> INFO    ] Insercion Tabla destino DW
[2023-12-21 15:32:57 >> INFO    ] Creacion Tabla temporal
[2023-12-21 15:36:01 >> INFO    ] Insercion Tabla destino DW
[2023-12-21 15:36:02 >> INFO    ] Creacion Tabla temporal
[2023-12-21 15:36:52 >> INFO    ] Insercion Tabla destino DW
[2023-12-21 15:36:53 >> INFO    ] Base '11.NOVIEMBRE.xlsx' del 2023-11-24 08:15:19  recien cargada [ToSQL]
[2023-12-21 15:36:53 >> INFO    ] Tiempo total de ejecucion: -656.8553004264832 de 2023-11-24 08:15:19 - 11.NOVIEMBRE.xlsx
[2023-12-21 15:37:39 >> INFO    ] La base '12.DICIEMBRE.xlsx' del 2023-12-15 15:40:38  esta por cargarse
[2023-12-21 15:45:24 >> INFO    ] Creacion Tabla temporal
[2023-12-21 15:46:17 >> INFO    ] Insercion Tabla destino DW
[2023-12-21 15:46:57 >> INFO    ] Creacion Tabla temporal
[2023-12-21 15:47:10 >> INFO    ] Insercion Tabla destino DW
[2023-12-21 15:50:56 >> INFO    ] Creacion Tabla temporal
[2023-12-21 15:52:09 >> INFO    ] Insercion Tabla destino DW
[2023-12-21 15:52:54 >> INFO    ] Creacion Tabla temporal
[2023-12-21 15:53:10 >> INFO    ] Insercion Tabla destino DW
[2023-12-21 15:53:13 >> INFO    ] Creacion Tabla temporal
[2023-12-21 15:53:14 >> INFO    ] Insercion Tabla destino DW
[2023-12-21 15:53:15 >> INFO    ] Base '12.DICIEMBRE.xlsx' del 2023-12-15 15:40:38  recien cargada [ToSQL]
[2023-12-21 15:53:15 >> INFO    ] Tiempo total de ejecucion: 936.2482812404633 de 2023-12-15 15:40:38 - 12.DICIEMBRE.xlsx
[2023-12-21 16:29:25 >> INFO    ] La base '12.DICIEMBRE.zip' del 2023-12-21 16:05:17  esta por cargarse
[2023-12-21 16:29:25 >> ERROR   ] Error en archivo: 2023-12-21 16:05:17 - 12.DICIEMBRE.zip
[Errno 2] No such file or directory: '/root/PROCESOS/COMPARTIDA_COS_L/OPERACIONES/Movistar Cartera  Mexico/Backoffice/00.Insumos/05.Asignaci贸n/20232023-12-21 16:05:17 - 12.DICIEMBRE.zip'
Traceback (most recent call last):
  File "/root/PROCESOS/BASESMOVISTAR/src/Controllers/controller.py", line 279, in check_and_add
    toSqlZip(path,nombre_tabla,file, dic_fechas,dic_formatos,dic_hojas,separador, nombre_archivo, cargue_tabla,asignacion, logs)
  File "/root/PROCESOS/BASESMOVISTAR/src/Controllers/controller.py", line 237, in toSqlZip
    with zipfile.ZipFile(archivo_zip, 'r') as zip_ref:
  File "/usr/local/lib/python3.10/zipfile.py", line 1251, in __init__
    self.fp = io.open(file, filemode)
FileNotFoundError: [Errno 2] No such file or directory: '/root/PROCESOS/COMPARTIDA_COS_L/OPERACIONES/Movistar Cartera  Mexico/Backoffice/00.Insumos/05.Asignaci贸n/20232023-12-21 16:05:17 - 12.DICIEMBRE.zip'
[2023-12-21 16:29:26 >> INFO    ] Tiempo total de ejecucion: 0.7482602596282959 de 2023-12-21 16:05:17 - 12.DICIEMBRE.zip
[2023-12-21 16:31:42 >> INFO    ] La base '12.DICIEMBRE.zip' del 2023-12-21 16:05:17  esta por cargarse
[2023-12-21 16:31:42 >> ERROR   ] Error en archivo: 2023-12-21 16:05:17 - 12.DICIEMBRE.zip
[Errno 2] No such file or directory: '/root/PROCESOS/COMPARTIDA_COS_L/OPERACIONES/Movistar Cartera  Mexico/Backoffice/00.Insumos/05.Asignaci贸n/2023/2023-12-21 16:05:17 - 12.DICIEMBRE.zip'
Traceback (most recent call last):
  File "/root/PROCESOS/BASESMOVISTAR/src/Controllers/controller.py", line 280, in check_and_add
    toSqlZip(path,nombre_tabla,file, dic_fechas,dic_formatos,dic_hojas,separador, nombre_archivo, cargue_tabla,asignacion, logs)
  File "/root/PROCESOS/BASESMOVISTAR/src/Controllers/controller.py", line 237, in toSqlZip
    with zipfile.ZipFile(archivo_zip, 'r') as zip_ref:
  File "/usr/local/lib/python3.10/zipfile.py", line 1251, in __init__
    self.fp = io.open(file, filemode)
FileNotFoundError: [Errno 2] No such file or directory: '/root/PROCESOS/COMPARTIDA_COS_L/OPERACIONES/Movistar Cartera  Mexico/Backoffice/00.Insumos/05.Asignaci贸n/2023/2023-12-21 16:05:17 - 12.DICIEMBRE.zip'
[2023-12-21 16:31:42 >> INFO    ] Tiempo total de ejecucion: 0.6684353351593018 de 2023-12-21 16:05:17 - 12.DICIEMBRE.zip
[2023-12-21 16:31:42 >> INFO    ] La base '12.DICIEMBRE.xlsx' del 2023-12-15 15:40:38  esta por cargarse
[2023-12-21 16:49:26 >> INFO    ] La base '12.DICIEMBRE.zip' del 2023-12-21 16:05:17  esta por cargarse
[2023-12-21 16:49:29 >> INFO    ] Base '12.DICIEMBRE.zip' del 2023-12-21 16:05:17  recien cargada [ToSQL]
[2023-12-21 16:49:29 >> INFO    ] Tiempo total de ejecucion: 3.3870537281036377 de 2023-12-21 16:05:17 - 12.DICIEMBRE.zip
[2023-12-21 16:56:27 >> INFO    ] La base '12.DICIEMBRE.zip' del 2023-12-21 16:05:17  esta por cargarse
[2023-12-21 16:56:31 >> INFO    ] Base '12.DICIEMBRE.zip' del 2023-12-21 16:05:17  recien cargada [ToSQL]
[2023-12-21 16:56:31 >> INFO    ] Tiempo total de ejecucion: 4.192622900009155 de 2023-12-21 16:05:17 - 12.DICIEMBRE.zip
[2023-12-21 16:59:21 >> INFO    ] La base '12.DICIEMBRE.zip' del 2023-12-21 16:05:17  esta por cargarse
[2023-12-21 16:59:25 >> ERROR   ] No such keys(s): 'io.excel.zip.reader'
Traceback (most recent call last):
  File "/root/PROCESOS/BASESMOVISTAR/src/Controllers/controller.py", line 159, in toSqlExcel
    excel_file = pd.ExcelFile(path+"/"+file_[22:])
  File "/root/PROCESOS/BASESMOVISTAR/venv/lib/python3.10/site-packages/pandas/io/excel/_base.py", line 1505, in __init__
    engine = config.get_option(f"io.excel.{ext}.reader", silent=True)
  File "/root/PROCESOS/BASESMOVISTAR/venv/lib/python3.10/site-packages/pandas/_config/config.py", line 261, in __call__
    return self.__func__(*args, **kwds)
  File "/root/PROCESOS/BASESMOVISTAR/venv/lib/python3.10/site-packages/pandas/_config/config.py", line 135, in _get_option
    key = _get_single_key(pat, silent)
  File "/root/PROCESOS/BASESMOVISTAR/venv/lib/python3.10/site-packages/pandas/_config/config.py", line 121, in _get_single_key
    raise OptionError(f"No such keys(s): {repr(pat)}")
pandas._config.config.OptionError: No such keys(s): 'io.excel.zip.reader'
[2023-12-21 16:59:25 >> ERROR   ] Error en archivo: 2023-12-21 16:05:17 - 12.DICIEMBRE.zip
No such keys(s): 'io.excel.zip.reader'
Traceback (most recent call last):
  File "/root/PROCESOS/BASESMOVISTAR/src/Controllers/controller.py", line 280, in check_and_add
    toSqlZip(path,nombre_tabla,file, dic_fechas,dic_formatos,dic_hojas,separador, nombre_archivo, cargue_tabla,asignacion, logs)
  File "/root/PROCESOS/BASESMOVISTAR/src/Controllers/controller.py", line 249, in toSqlZip
    toSqlExcel(path,nombre_tabla,file, dic_fechas,dic_formatos,dic_hojas,separador, cargue_tabla, asignacion)
  File "/root/PROCESOS/BASESMOVISTAR/src/Controllers/controller.py", line 159, in toSqlExcel
    excel_file = pd.ExcelFile(path+"/"+file_[22:])
  File "/root/PROCESOS/BASESMOVISTAR/venv/lib/python3.10/site-packages/pandas/io/excel/_base.py", line 1505, in __init__
    engine = config.get_option(f"io.excel.{ext}.reader", silent=True)
  File "/root/PROCESOS/BASESMOVISTAR/venv/lib/python3.10/site-packages/pandas/_config/config.py", line 261, in __call__
    return self.__func__(*args, **kwds)
  File "/root/PROCESOS/BASESMOVISTAR/venv/lib/python3.10/site-packages/pandas/_config/config.py", line 135, in _get_option
    key = _get_single_key(pat, silent)
  File "/root/PROCESOS/BASESMOVISTAR/venv/lib/python3.10/site-packages/pandas/_config/config.py", line 121, in _get_single_key
    raise OptionError(f"No such keys(s): {repr(pat)}")
pandas._config.config.OptionError: No such keys(s): 'io.excel.zip.reader'
[2023-12-21 16:59:26 >> INFO    ] Tiempo total de ejecucion: 4.133575677871704 de 2023-12-21 16:05:17 - 12.DICIEMBRE.zip
[2023-12-21 17:02:16 >> INFO    ] La base '12.DICIEMBRE.zip' del 2023-12-21 16:05:17  esta por cargarse
[2023-12-21 17:02:19 >> ERROR   ] No such keys(s): 'io.excel.zip.reader'
Traceback (most recent call last):
  File "/root/PROCESOS/BASESMOVISTAR/src/Controllers/controller.py", line 160, in toSqlExcel
    excel_file = pd.ExcelFile(path+"/"+file_[22:])
  File "/root/PROCESOS/BASESMOVISTAR/venv/lib/python3.10/site-packages/pandas/io/excel/_base.py", line 1505, in __init__
    engine = config.get_option(f"io.excel.{ext}.reader", silent=True)
  File "/root/PROCESOS/BASESMOVISTAR/venv/lib/python3.10/site-packages/pandas/_config/config.py", line 261, in __call__
    return self.__func__(*args, **kwds)
  File "/root/PROCESOS/BASESMOVISTAR/venv/lib/python3.10/site-packages/pandas/_config/config.py", line 135, in _get_option
    key = _get_single_key(pat, silent)
  File "/root/PROCESOS/BASESMOVISTAR/venv/lib/python3.10/site-packages/pandas/_config/config.py", line 121, in _get_single_key
    raise OptionError(f"No such keys(s): {repr(pat)}")
pandas._config.config.OptionError: No such keys(s): 'io.excel.zip.reader'
[2023-12-21 17:02:19 >> ERROR   ] Error en archivo: 2023-12-21 16:05:17 - 12.DICIEMBRE.zip
No such keys(s): 'io.excel.zip.reader'
Traceback (most recent call last):
  File "/root/PROCESOS/BASESMOVISTAR/src/Controllers/controller.py", line 281, in check_and_add
    toSqlZip(path,nombre_tabla,file, dic_fechas,dic_formatos,dic_hojas,separador, nombre_archivo, cargue_tabla,asignacion, logs)
  File "/root/PROCESOS/BASESMOVISTAR/src/Controllers/controller.py", line 250, in toSqlZip
    toSqlExcel(path,nombre_tabla,file, dic_fechas,dic_formatos,dic_hojas,separador, cargue_tabla, asignacion)
  File "/root/PROCESOS/BASESMOVISTAR/src/Controllers/controller.py", line 160, in toSqlExcel
    excel_file = pd.ExcelFile(path+"/"+file_[22:])
  File "/root/PROCESOS/BASESMOVISTAR/venv/lib/python3.10/site-packages/pandas/io/excel/_base.py", line 1505, in __init__
    engine = config.get_option(f"io.excel.{ext}.reader", silent=True)
  File "/root/PROCESOS/BASESMOVISTAR/venv/lib/python3.10/site-packages/pandas/_config/config.py", line 261, in __call__
    return self.__func__(*args, **kwds)
  File "/root/PROCESOS/BASESMOVISTAR/venv/lib/python3.10/site-packages/pandas/_config/config.py", line 135, in _get_option
    key = _get_single_key(pat, silent)
  File "/root/PROCESOS/BASESMOVISTAR/venv/lib/python3.10/site-packages/pandas/_config/config.py", line 121, in _get_single_key
    raise OptionError(f"No such keys(s): {repr(pat)}")
pandas._config.config.OptionError: No such keys(s): 'io.excel.zip.reader'
[2023-12-21 17:02:20 >> INFO    ] Tiempo total de ejecucion: 3.993880033493042 de 2023-12-21 16:05:17 - 12.DICIEMBRE.zip
[2023-12-21 17:24:37 >> INFO    ] La base '12.DICIEMBRE.zip' del 2023-12-21 16:05:17  esta por cargarse
[2023-12-21 17:32:09 >> INFO    ] Creacion Tabla temporal
[2023-12-21 17:32:56 >> INFO    ] Insercion Tabla destino DW
[2023-12-21 17:33:39 >> INFO    ] Creacion Tabla temporal
[2023-12-21 17:33:51 >> INFO    ] Insercion Tabla destino DW
[2023-12-21 17:37:44 >> INFO    ] Creacion Tabla temporal
[2023-12-21 17:38:54 >> INFO    ] Insercion Tabla destino DW
[2023-12-21 17:39:36 >> INFO    ] Creacion Tabla temporal
[2023-12-21 17:39:53 >> INFO    ] Insercion Tabla destino DW
[2023-12-21 17:39:56 >> INFO    ] Creacion Tabla temporal
[2023-12-21 17:39:57 >> INFO    ] Insercion Tabla destino DW
[2023-12-21 17:39:58 >> INFO    ] Base '12.DICIEMBRE.zip' del 2023-12-21 16:05:17  recien cargada [ToSQL]
[2023-12-21 17:39:58 >> INFO    ] Tiempo total de ejecucion: 920.4056067466736 de 2023-12-21 16:05:17 - 12.DICIEMBRE.zip
[2023-12-22 08:57:11 >> INFO    ] La base '11.NOVIEMBRE.xlsx' del 2023-11-24 08:15:19  esta por cargarse
[2023-12-22 09:04:12 >> INFO    ] Creacion Tabla temporal
[2023-12-22 09:04:42 >> INFO    ] Insercion Tabla destino DW
[2023-12-22 09:05:24 >> INFO    ] Creacion Tabla temporal
[2023-12-22 09:05:35 >> INFO    ] Insercion Tabla destino DW
[2023-12-22 09:09:38 >> INFO    ] Creacion Tabla temporal
[2023-12-22 09:10:41 >> INFO    ] Insercion Tabla destino DW
[2023-12-22 09:11:52 >> INFO    ] Creacion Tabla temporal
[2023-12-22 09:12:06 >> INFO    ] Insercion Tabla destino DW
[2023-12-22 09:12:07 >> INFO    ] Base '11.NOVIEMBRE.xlsx' del 2023-11-24 08:15:19  recien cargada [ToSQL]
[2023-12-22 09:12:07 >> INFO    ] Tiempo total de ejecucion: 895.8194298744202 de 2023-11-24 08:15:19 - 11.NOVIEMBRE.xlsx
[2023-12-22 09:13:49 >> INFO    ] La base '11.NOVIEMBRE.xlsx' del 2023-11-24 08:15:19  esta por cargarse
[2023-12-22 09:18:23 >> INFO    ] Creacion Tabla temporal
[2023-12-22 09:19:52 >> INFO    ] Tiempo total de ejecucion: 362.30092215538025 de 2023-11-24 08:15:19 - 11.NOVIEMBRE.xlsx
[2023-12-22 09:20:38 >> INFO    ] La base '11.NOVIEMBRE.xlsx' del 2023-11-24 08:15:19  esta por cargarse
[2023-12-22 09:25:16 >> INFO    ] Creacion Tabla temporal
[2023-12-22 09:28:35 >> INFO    ] Insercion Tabla destino DW
[2023-12-22 09:28:36 >> INFO    ] Creacion Tabla temporal
[2023-12-22 09:29:21 >> INFO    ] Insercion Tabla destino DW
[2023-12-22 09:29:22 >> INFO    ] Creacion Tabla temporal
[2023-12-22 09:35:02 >> INFO    ] Insercion Tabla destino DW
[2023-12-22 09:35:02 >> INFO    ] Creacion Tabla temporal
[2023-12-22 09:36:35 >> INFO    ] Insercion Tabla destino DW
[2023-12-22 09:36:36 >> INFO    ] Base '11.NOVIEMBRE.xlsx' del 2023-11-24 08:15:19  recien cargada [ToSQL]
[2023-12-22 09:36:36 >> INFO    ] Tiempo total de ejecucion: 957.9991171360016 de 2023-11-24 08:15:19 - 11.NOVIEMBRE.xlsx
[2023-12-22 09:45:54 >> INFO    ] La base '11.NOVIEMBRE.xlsx' del 2023-11-24 08:15:19  esta por cargarse
[2023-12-22 09:50:32 >> INFO    ] Creacion Tabla temporal
[2023-12-22 09:53:54 >> INFO    ] Insercion Tabla destino DW
[2023-12-22 09:53:54 >> INFO    ] Creacion Tabla temporal
[2023-12-22 09:54:45 >> INFO    ] Insercion Tabla destino DW
[2023-12-22 09:54:45 >> INFO    ] Creacion Tabla temporal
[2023-12-22 10:00:11 >> INFO    ] Insercion Tabla destino DW
[2023-12-22 10:00:11 >> INFO    ] Creacion Tabla temporal
[2023-12-22 10:01:47 >> INFO    ] Insercion Tabla destino DW
[2023-12-22 10:01:48 >> INFO    ] Base '11.NOVIEMBRE.xlsx' del 2023-11-24 08:15:19  recien cargada [ToSQL]
[2023-12-22 10:01:48 >> INFO    ] Tiempo total de ejecucion: 953.8504590988159 de 2023-11-24 08:15:19 - 11.NOVIEMBRE.xlsx
[2023-12-22 10:02:46 >> INFO    ] La base 'PAGOS 16122023_1.csv' del 2023-12-20 11:11:35  esta por cargarse
[2023-12-22 10:03:06 >> INFO    ] Creacion Tabla temporal
[2023-12-22 10:03:13 >> INFO    ] Insercion Tabla destino DW
[2023-12-22 10:03:14 >> INFO    ] Base 'PAGOS 16122023_1.csv' del 2023-12-20 11:11:35  recien cargada [ToSQL]
[2023-12-22 10:03:14 >> INFO    ] Tiempo total de ejecucion: 28.252755880355835 de 2023-12-20 11:11:35 - PAGOS 16122023_1.csv
[2023-12-22 10:03:14 >> INFO    ] La base 'PAGOS 14122023_1.csv' del 2023-12-20 11:10:06  esta por cargarse
[2023-12-22 10:03:46 >> INFO    ] Creacion Tabla temporal
[2023-12-22 10:03:52 >> INFO    ] Insercion Tabla destino DW
[2023-12-22 10:03:53 >> INFO    ] Base 'PAGOS 14122023_1.csv' del 2023-12-20 11:10:06  recien cargada [ToSQL]
[2023-12-22 10:03:53 >> INFO    ] Tiempo total de ejecucion: 39.113919258117676 de 2023-12-20 11:10:06 - PAGOS 14122023_1.csv
[2023-12-22 10:03:53 >> INFO    ] La base 'PAGOS 15122023_1.csv' del 2023-12-20 11:10:55  esta por cargarse
[2023-12-22 10:04:20 >> INFO    ] Creacion Tabla temporal
[2023-12-22 10:04:27 >> INFO    ] Insercion Tabla destino DW
[2023-12-22 10:04:27 >> INFO    ] Base 'PAGOS 15122023_1.csv' del 2023-12-20 11:10:55  recien cargada [ToSQL]
[2023-12-22 10:04:27 >> INFO    ] Tiempo total de ejecucion: 34.368422985076904 de 2023-12-20 11:10:55 - PAGOS 15122023_1.csv
[2023-12-22 10:04:27 >> INFO    ] La base 'PAGOS 18122023_1.csv' del 2023-12-20 11:14:45  esta por cargarse
[2023-12-22 10:04:51 >> INFO    ] Creacion Tabla temporal
[2023-12-22 10:04:56 >> INFO    ] Insercion Tabla destino DW
[2023-12-22 10:04:56 >> INFO    ] Base 'PAGOS 18122023_1.csv' del 2023-12-20 11:14:45  recien cargada [ToSQL]
[2023-12-22 10:04:56 >> INFO    ] Tiempo total de ejecucion: 29.22985076904297 de 2023-12-20 11:14:45 - PAGOS 18122023_1.csv
[2023-12-22 10:04:56 >> INFO    ] La base 'PAGOS 17122023_1.csv' del 2023-12-20 11:13:38  esta por cargarse
[2023-12-22 10:05:10 >> INFO    ] Creacion Tabla temporal
[2023-12-22 10:05:13 >> INFO    ] Insercion Tabla destino DW
[2023-12-22 10:05:13 >> INFO    ] Base 'PAGOS 17122023_1.csv' del 2023-12-20 11:13:38  recien cargada [ToSQL]
[2023-12-22 10:05:13 >> INFO    ] Tiempo total de ejecucion: 16.874707460403442 de 2023-12-20 11:13:38 - PAGOS 17122023_1.csv
[2023-12-22 10:05:13 >> INFO    ] La base 'PAGOS 20122023.csv' del 2023-12-21 14:54:54  esta por cargarse
[2023-12-22 10:06:06 >> INFO    ] Creacion Tabla temporal
[2023-12-22 10:06:16 >> INFO    ] Insercion Tabla destino DW
[2023-12-22 10:06:17 >> INFO    ] Base 'PAGOS 20122023.csv' del 2023-12-21 14:54:54  recien cargada [ToSQL]
[2023-12-22 10:06:17 >> INFO    ] Tiempo total de ejecucion: 63.81404399871826 de 2023-12-21 14:54:54 - PAGOS 20122023.csv
[2023-12-22 10:06:17 >> INFO    ] La base 'PAGOS 13122023_1.csv' del 2023-12-20 11:09:11  esta por cargarse
[2023-12-22 10:06:40 >> INFO    ] Creacion Tabla temporal
[2023-12-22 10:06:46 >> INFO    ] Insercion Tabla destino DW
[2023-12-22 10:06:47 >> INFO    ] Base 'PAGOS 13122023_1.csv' del 2023-12-20 11:09:11  recien cargada [ToSQL]
[2023-12-22 10:06:47 >> INFO    ] Tiempo total de ejecucion: 29.462285041809082 de 2023-12-20 11:09:11 - PAGOS 13122023_1.csv
